	c1 : {		\
		res : 1280 x 504,	\
		rate : 1080,	\
		exp : 925482,	\
		shoff : 0,	\
		edrexp : 0,	\
		ptframes : 820,	\
		bcount : 0,	\
		bperiod : 307692,	\
		hqenable : 0,	\
		frcount : 820,	\
		ramp : "",	\
		state : { WTR DEF ABL ACT },	\
		start : 0x475000,	\
		len : 0x1F90000,	\
		frsize : 40336,	\
		frspace : 33095680,	\
		firstfr : 0,	\
		lastfr : 0,	\
		format : 0,	\
		decimation : 1,	\
		in : 0,	\
		out : 0,	\
		aexpmode : 0,	\
		aexpcomp : -0.1605,	\
		trigtime : {		\
			secs : 0,	\
			frac : 0 	\
		},	\
		cam : {		\
			syncimg : 0,	\
			master : 0,	\
			tcmode : 0,	\
			trigpol : 1,	\
			trigfilt : 1,	\
			frdelay : 0,	\
			startonacq : 1,	\
			aux1mode : 0,	\
			aux2mode : 0,	\
			memgateen : 1,	\
			membpp : 12,	\
			tsformat : 1 	\
		},	\
		info : {		\
			hwver : 8001,	\
			sver : 1023,	\
			fver : 39,	\
			pver : 16,	\
			model : "Phantom Miro M310",	\
			sensor : 62,	\
			snsversion : 0,	\
			snsserial : 0,	\
			kernel : 425,	\
			swver : 14967,	\
			xver : 840,	\
			serial : 17277,	\
			cfa : 0,	\
			filter : 0,	\
			name : "17277",	\
			mdepths : 0x1000,	\
			genlockstatus : 0,	\
			snstemp : 0,	\
			camtemp : 0,	\
			features : "bref blk4 burst edr attach earlyimg notify atrig aexp cf quiet shtr" 	\
		},	\
		adj : {		\
			red : 1,	\
			green : 1,	\
			blue : 1,	\
			wbtemp : 5600,	\
			wbcc : 0,	\
			wbred : 1.321455044,	\
			wbblue : 1.824537662,	\
			edgeg : 0,	\
			edger : 0,	\
			edgeth : 0,	\
			gamma : 0.57544,	\
			rgamma : 0,	\
			bgamma : 0,	\
			toe : 1,	\
			gain : 3.176874,	\
			offset : -0.0785,	\
			flare : 0,	\
			hue : 0,	\
			sat : 1,	\
			rped : 0,	\
			gped : 0,	\
			bped : 0,	\
			tone : "",	\
			mmsat : "",	\
			mmhue : "",	\
			chroma : 1,	\
			matrix : 1,	\
			log : 0,	\
			sdimin : 32,	\
			sdimax : 960,	\
			cmatrix : "cal 1.7326 0.119326 -0.785386  -0.380114 1.78173 -0.901473  -0.125864 -0.102658 2.18562",	\
			umatrix : "",	\
			filter : "" 	\
		},	\
		meta : {		\
			name : "",	\
			uuid : "",	\
			system : 1,	\
			pbrate : 50,	\
			tcrate : 25,	\
			trigtc : "",	\
			pax : 0,	\
			pay : 0,	\
			paox : -640,	\
			paoy : -400,	\
			vox : 0,	\
			voy : 0,	\
			vw : 1280,	\
			vh : 504,	\
			vow : 711,	\
			voh : 280,	\
			ox : -160,	\
			oy : -120,	\
			w : 1,	\
			h : 1,	\
			ow : 1280,	\
			oh : 504,	\
			crop : 0,	\
			resize : 0,	\
			lens : "",	\
			fstop : 0,	\
			flen : 0,	\
			gps : "",	\
			comment : "",	\
			xset : "" 	\
		} 	\
	}
