hw : {		\
	vpix : 3300,	\
	vpixl : 2800,	\
	vmemh : 3600,	\
	vmeml : 3000,	\
	vresh : 3600,	\
	vresds : 3000,	\
	vresl : 500,	\
	dcblack : 0,	\
	bbias : 800,	\
	tbias : 800,	\
	brbias : 0,	\
	trbias : 0,	\
	osr : 62,	\
	mcode : 5,	\
	vmlpred : 0,	\
	prepw : 14,	\
	presmpd : 0,	\
	smppw : 2,	\
	smpvmhd : 0,	\
	vmhresd : 0,	\
	reswait : 4,	\
	respw : 15,	\
	reslong : 0,	\
	expadj : 0,	\
	sel2w : 5,	\
	shkolmode : 1,	\
	memphase : 240,	\
	adphase : 30,	\
	dcphase : 1616,	\
	clkxd : 0,	\
	adcflags : 112,	\
	igain : 2253,	\
	touchdx : 0,	\
	touchdy : 0,	\
	touchsx : 0,	\
	touchsy : 0,	\
	touchpos : 0,	\
	freqtrim : 0,	\
	nsfload : 16,	\
	colload : 8,	\
	outload : 16,	\
	snsflags : 0,	\
	irigphase : 0,	\
	irigmodphase : 0,	\
	memflags : 0,	\
	colorcal : "0.3242 0.3355  2.32402 0.154988 -0.973507  -0.509867 2.31423 -1.1174  -0.168828 -0.133339 2.70913",	\
	delaycal0 : "",	\
	delaycal1 : "",	\
	delaycal2 : "",	\
	delaycal3 : "",	\
	delaycal4 : "",	\
	delaycal5 : "",	\
	delaycal6 : "",	\
	delaycal7 : "",	\
	rdlevel : "",	\
	sntempcal : 1100092,	\
	limittemp : 65,	\
	fanlo : 22,	\
	eical : 13000,	\
	memtest : 0,	\
	rtctime : {		\
		secs : 0,	\
		frac : 0,	\
		tz : 0 	\
	} 	\
}
